<?xml version="1.0" encoding="UTF-8"?>
<testng-results ignored="0" total="2" passed="2" failed="0" skipped="0">
  <reporter-output>
  </reporter-output>
  <suite started-at="2022-02-18T09:31:09Z" name="inetBankingV1" finished-at="2022-02-18T09:31:45Z" duration-ms="36300">
    <groups>
    </groups>
    <test started-at="2022-02-18T09:31:09Z" name="BankingTest" finished-at="2022-02-18T09:31:45Z" duration-ms="36300">
      <class name="com.inetBanking.testCases.TC_AddCustomerTest_003">
        <test-method is-config="true" signature="setup(java.lang.String)[pri:0, instance:com.inetBanking.testCases.TC_AddCustomerTest_003@4bb4de6a]" started-at="2022-02-18T09:31:20Z" name="setup" finished-at="2022-02-18T09:31:30Z" duration-ms="9311" status="PASS">
          <params>
            <param index="0">
              <value>
                <![CDATA[chrome]]>
              </value>
            </param>
          </params>
          <reporter-output>
          </reporter-output>
        </test-method> <!-- setup -->
        <test-method signature="addCustomer()[pri:0, instance:com.inetBanking.testCases.TC_AddCustomerTest_003@4bb4de6a]" started-at="2022-02-18T09:31:30Z" name="addCustomer" finished-at="2022-02-18T09:31:45Z" duration-ms="14708" status="PASS">
          <reporter-output>
          </reporter-output>
        </test-method> <!-- addCustomer -->
        <test-method is-config="true" signature="teardown()[pri:0, instance:com.inetBanking.testCases.TC_AddCustomerTest_003@4bb4de6a]" started-at="2022-02-18T09:31:45Z" name="teardown" finished-at="2022-02-18T09:31:45Z" duration-ms="375" status="PASS">
          <reporter-output>
          </reporter-output>
        </test-method> <!-- teardown -->
      </class> <!-- com.inetBanking.testCases.TC_AddCustomerTest_003 -->
      <class name="com.inetBanking.testCases.TC_Logintest_001">
        <test-method is-config="true" signature="setup(java.lang.String)[pri:0, instance:com.inetBanking.testCases.TC_Logintest_001@134593bf]" started-at="2022-02-18T09:31:09Z" name="setup" finished-at="2022-02-18T09:31:20Z" duration-ms="10558" status="PASS">
          <params>
            <param index="0">
              <value>
                <![CDATA[chrome]]>
              </value>
            </param>
          </params>
          <reporter-output>
          </reporter-output>
        </test-method> <!-- setup -->
        <test-method signature="loginTest()[pri:0, instance:com.inetBanking.testCases.TC_Logintest_001@134593bf]" started-at="2022-02-18T09:31:20Z" name="loginTest" finished-at="2022-02-18T09:31:20Z" duration-ms="552" status="PASS">
          <reporter-output>
          </reporter-output>
        </test-method> <!-- loginTest -->
        <test-method is-config="true" signature="teardown()[pri:0, instance:com.inetBanking.testCases.TC_Logintest_001@134593bf]" started-at="2022-02-18T09:31:20Z" name="teardown" finished-at="2022-02-18T09:31:20Z" duration-ms="394" status="PASS">
          <reporter-output>
          </reporter-output>
        </test-method> <!-- teardown -->
      </class> <!-- com.inetBanking.testCases.TC_Logintest_001 -->
    </test> <!-- BankingTest -->
  </suite> <!-- inetBankingV1 -->
</testng-results>
